<?xml version="1.0" encoding="UTF-8"?>
<!-- Generated by org.testng.reporters.JUnitReportReporter -->
<testsuite hostname="DESKTOP-FRV6BVL" failures="0" tests="4" name="byjusTestPack.HomePageTest" time="0.404" errors="0" timestamp="2022-11-14T01:35:20 IST" skipped="0">
  <testcase classname="byjusTestPack.HomePageTest" name="TC003" time="0.334"/>
  <system-out/>
  <testcase classname="byjusTestPack.HomePageTest" name="TC002" time="0.052"/>
  <system-out/>
  <testcase classname="byjusTestPack.HomePageTest" name="TC001" time="0.016"/>
  <system-out/>
  <testcase classname="byjusTestPack.HomePageTest" name="assertAll" time="0.002"/>
  <system-out/>
</testsuite> <!-- byjusTestPack.HomePageTest -->
